<?xml version="1.0" encoding="UTF-8" ?>
<testsuite failures="0" time="0.006" errors="0" skipped="0" tests="6" name="com.mycompany.mavenproject1.CalculatorTest">
  <properties>
    <property name="java.vendor" value="Oracle Corporation"/>
    <property name="JOB_NAME" value="Second"/>
    <property name="sun.java.launcher" value="SUN_STANDARD"/>
    <property name="NUMBER_OF_PROCESSORS" value="8"/>
    <property name="sun.management.compiler" value="HotSpot Client Compiler"/>
    <property name="JENKINS_HOME" value="D:\myDevelop\jenkins"/>
    <property name="HUDSON_SERVER_COOKIE" value="920daf29b7db71f2"/>
    <property name="POM_ARTIFACTID" value="mavenproject2"/>
    <property name="os.name" value="Windows 8"/>
    <property name="sun.boot.class.path" value="D:\myDevelop\jenkins\jre\lib\resources.jar;D:\myDevelop\jenkins\jre\lib\rt.jar;D:\myDevelop\jenkins\jre\lib\sunrsasign.jar;D:\myDevelop\jenkins\jre\lib\jsse.jar;D:\myDevelop\jenkins\jre\lib\jce.jar;D:\myDevelop\jenkins\jre\lib\charsets.jar;D:\myDevelop\jenkins\jre\lib\jfr.jar;D:\myDevelop\jenkins\jre\classes"/>
    <property name="EXECUTOR_NUMBER" value="0"/>
    <property name="sun.desktop" value="windows"/>
    <property name="PATHEXT" value=".COM;.EXE;.BAT;.CMD;.VBS;.VBE;.JS;.JSE;.WSF;.WSH;.MSC"/>
    <property name="java.vm.specification.vendor" value="Oracle Corporation"/>
    <property name="POM_DISPLAYNAME" value="mavenproject2"/>
    <property name="NODE_LABELS" value="master"/>
    <property name="TEMP" value="C:\Windows\TEMP"/>
    <property name="java.runtime.version" value="1.7.0_25-b17"/>
    <property name="user.name" value="GERALTBOOK$"/>
    <property name="guice.disable.misplaced.annotation.check" value="true"/>
    <property name="CommonProgramW6432" value="C:\Program Files\Common Files"/>
    <property name="ProgramFiles" value="C:\Program Files (x86)"/>
    <property name="user.language" value="ru"/>
    <property name="BUILD_DISPLAY_NAME" value="#13"/>
    <property name="sun.boot.library.path" value="D:\myDevelop\jenkins\jre\bin"/>
    <property name="LOCALAPPDATA" value="C:\Windows\system32\config\systemprofile\AppData\Local"/>
    <property name="java.version" value="1.7.0_25"/>
    <property name="PROCESSOR_LEVEL" value="6"/>
    <property name="user.timezone" value="Europe/Helsinki"/>
    <property name="USERNAME" value="GERALTBOOK$"/>
    <property name="sun.arch.data.model" value="32"/>
    <property name="NODE_NAME" value="master"/>
    <property name="PROCESSOR_ARCHITEW6432" value="AMD64"/>
    <property name="java.endorsed.dirs" value="D:\myDevelop\jenkins\jre\lib\endorsed"/>
    <property name="BUILD_ID" value="2014-05-01_09-46-48"/>
    <property name="sun.cpu.isalist" value="pentium_pro+mmx pentium_pro pentium+mmx pentium i486 i386 i86"/>
    <property name="sun.jnu.encoding" value="Cp1251"/>
    <property name="file.encoding.pkg" value="sun.io"/>
    <property name="file.separator" value="\"/>
    <property name="java.specification.name" value="Java Platform API Specification"/>
    <property name="java.class.version" value="51.0"/>
    <property name="org.slf4j.simpleLogger.defaultLogLevel" value="info"/>
    <property name="user.country" value="RU"/>
    <property name="ALLUSERSPROFILE" value="C:\ProgramData"/>
    <property name="java.home" value="D:\myDevelop\jenkins\jre"/>
    <property name="java.vm.info" value="mixed mode"/>
    <property name="os.version" value="6.2"/>
    <property name="POM_VERSION" value="1.0-SNAPSHOT"/>
    <property name="TMP" value="C:\Windows\TEMP"/>
    <property name="path.separator" value=";"/>
    <property name="java.vm.version" value="23.25-b01"/>
    <property name="user.variant" value=""/>
    <property name="CommonProgramFiles(x86)" value="C:\Program Files (x86)\Common Files"/>
    <property name="java.awt.printerjob" value="sun.awt.windows.WPrinterJob"/>
    <property name="FP_NO_HOST_CHECK" value="NO"/>
    <property name="sun.io.unicode.encoding" value="UnicodeLittle"/>
    <property name="CommonProgramFiles" value="C:\Program Files (x86)\Common Files"/>
    <property name="ComSpec" value="C:\Windows\system32\cmd.exe"/>
    <property name="awt.toolkit" value="sun.awt.windows.WToolkit"/>
    <property name="POM_PACKAGING" value="jar"/>
    <property name="SERVICE_ID" value="jenkins"/>
    <property name="COMPUTERNAME" value="GERALTBOOK"/>
    <property name="user.script" value=""/>
    <property name="asl.log" value="Destination=file"/>
    <property name="POM_GROUPID" value="com.mycompany"/>
    <property name="PUBLIC" value="C:\Users\Public"/>
    <property name="user.home" value="C:\"/>
    <property name="BUILD_TAG" value="jenkins-Second-13"/>
    <property name="JENKINS_SERVER_COOKIE" value="920daf29b7db71f2"/>
    <property name="HUDSON_URL" value="http://localhost:8080/"/>
    <property name="ProgramData" value="C:\ProgramData"/>
    <property name="java.specification.vendor" value="Oracle Corporation"/>
    <property name="USERPROFILE" value="C:\Windows\system32\config\systemprofile"/>
    <property name="CLASSPATH" value=""/>
    <property name="java.vendor.url" value="http://java.oracle.com/"/>
    <property name="java.library.path" value="D:\myDevelop\jenkins\jre\bin;C:\Windows\Sun\Java\bin;C:\Windows\system32;C:\Windows;D:\myDevelop\jenkins\tools\hudson.tasks.Maven_MavenInstallation\myMaven/bin;C:\Program Files (x86)\EasyPHP-DevServer-14.1VC9\binaries\php\php_runningversion;C:\Program Files (x86)\EasyPHP-DevServer-14.1VC11\binaries\php\php_runningversion;C:\Program Files\Java\jdk1.7.0_45\bin;C:\Program Files (x86)\NVIDIA Corporation\PhysX\Common;C:\Program Files\Broadcom\Broadcom 802.11 Network Adapter\Driver;;;;C:\Program Files (x86)\Intel\iCLS Client\;C:\Program Files\Intel\iCLS Client\;C:\Windows\system32;C:\Windows;C:\Windows\System32\Wbem;C:\Windows\System32\WindowsPowerShell\v1.0\;C:\Program Files (x86)\Intel\OpenCL SDK\2.0\bin\x86;C:\Program Files (x86)\Intel\OpenCL SDK\2.0\bin\x64;C:\Program Files\Intel\Intel(R) Management Engine Components\DAL;C:\Program Files\Intel\Intel(R) Management Engine Components\IPT;C:\Program Files (x86)\Intel\Intel(R) Management Engine Components\DAL;C:\Program Files (x86)\Intel\Intel(R) Management Engine Components\IPT;C:\Program Files\Lenovo\Bluetooth Software\;C:\Program Files\Lenovo\Bluetooth Software\syswow64;C:\Program Files\TortoiseSVN\bin;C:\Program Files\Microsoft\Web Platform Installer\;;."/>
    <property name="java.vm.vendor" value="Oracle Corporation"/>
    <property name="APPDATA" value="C:\Windows\system32\config\systemprofile\AppData\Roaming"/>
    <property name="java.runtime.name" value="Java(TM) SE Runtime Environment"/>
    <property name="maven.home" value="D:\myDevelop\jenkins\tools\hudson.tasks.Maven_MavenInstallation\myMaven"/>
    <property name="java.class.path" value="D:\myDevelop\jenkins\plugins\maven-plugin\WEB-INF\lib\maven31-agent-1.5.jar;D:\myDevelop\jenkins\tools\hudson.tasks.Maven_MavenInstallation\myMaven\boot\plexus-classworlds-2.5.1.jar;D:\myDevelop\jenkins\tools\hudson.tasks.Maven_MavenInstallation\myMaven/conf/logging"/>
    <property name="sun.java.command" value="jenkins.maven3.agent.Maven31Main D:\myDevelop\jenkins\tools\hudson.tasks.Maven_MavenInstallation\myMaven D:\myDevelop\jenkins\war\WEB-INF\lib\remoting-2.40.jar D:\myDevelop\jenkins\plugins\maven-plugin\WEB-INF\lib\maven31-interceptor-1.5.jar D:\myDevelop\jenkins\plugins\maven-plugin\WEB-INF\lib\maven3-interceptor-commons-1.5.jar 56379"/>
    <property name="Path" value="C:\Program Files (x86)\EasyPHP-DevServer-14.1VC9\binaries\php\php_runningversion;C:\Program Files (x86)\EasyPHP-DevServer-14.1VC11\binaries\php\php_runningversion;C:\Program Files\Java\jdk1.7.0_45\bin;C:\Program Files (x86)\NVIDIA Corporation\PhysX\Common;C:\Program Files\Broadcom\Broadcom 802.11 Network Adapter\Driver;;;;C:\Program Files (x86)\Intel\iCLS Client\;C:\Program Files\Intel\iCLS Client\;C:\Windows\system32;C:\Windows;C:\Windows\System32\Wbem;C:\Windows\System32\WindowsPowerShell\v1.0\;C:\Program Files (x86)\Intel\OpenCL SDK\2.0\bin\x86;C:\Program Files (x86)\Intel\OpenCL SDK\2.0\bin\x64;C:\Program Files\Intel\Intel(R) Management Engine Components\DAL;C:\Program Files\Intel\Intel(R) Management Engine Components\IPT;C:\Program Files (x86)\Intel\Intel(R) Management Engine Components\DAL;C:\Program Files (x86)\Intel\Intel(R) Management Engine Components\IPT;C:\Program Files\Lenovo\Bluetooth Software\;C:\Program Files\Lenovo\Bluetooth Software\syswow64;C:\Program Files\TortoiseSVN\bin;C:\Program Files\Microsoft\Web Platform Installer\;"/>
    <property name="java.vm.specification.name" value="Java Virtual Machine Specification"/>
    <property name="PROCESSOR_ARCHITECTURE" value="x86"/>
    <property name="PROCESSOR_IDENTIFIER" value="Intel64 Family 6 Model 58 Stepping 9, GenuineIntel"/>
    <property name="java.vm.specification.version" value="1.7"/>
    <property name="sun.os.patch.level" value=""/>
    <property name="sun.cpu.endian" value="little"/>
    <property name="M2_HOME" value="D:\myDevelop\jenkins\tools\hudson.tasks.Maven_MavenInstallation\myMaven"/>
    <property name="java.io.tmpdir" value="C:\Windows\TEMP\"/>
    <property name="OS" value="Windows_NT"/>
    <property name="HUDSON_HOME" value="D:\myDevelop\jenkins"/>
    <property name="PATH+MAVEN" value="D:\myDevelop\jenkins\tools\hudson.tasks.Maven_MavenInstallation\myMaven/bin"/>
    <property name="ProgramFiles(x86)" value="C:\Program Files (x86)"/>
    <property name="BUILD_URL" value="http://localhost:8080/job/Second/13/"/>
    <property name="java.vendor.url.bug" value="http://bugreport.sun.com/bugreport/"/>
    <property name="java.awt.graphicsenv" value="sun.awt.Win32GraphicsEnvironment"/>
    <property name="os.arch" value="x86"/>
    <property name="SystemRoot" value="C:\Windows"/>
    <property name="java.ext.dirs" value="D:\myDevelop\jenkins\jre\lib\ext;C:\Windows\Sun\Java\lib\ext"/>
    <property name="user.dir" value="D:\myDevelop\mavenproject2"/>
    <property name="JOB_URL" value="http://localhost:8080/job/Second/"/>
    <property name="USERDOMAIN" value="WORKGROUP"/>
    <property name="line.separator" value="
"/>
    <property name="MAVEN_HOME" value="D:\myDevelop\jenkins\tools\hudson.tasks.Maven_MavenInstallation\myMaven"/>
    <property name="java.vm.name" value="Java HotSpot(TM) Client VM"/>
    <property name="BUILD_NUMBER" value="13"/>
    <property name="BASE" value="D:\myDevelop\jenkins"/>
    <property name="JENKINS_URL" value="http://localhost:8080/"/>
    <property name="PROCESSOR_REVISION" value="3a09"/>
    <property name="ProgramW6432" value="C:\Program Files"/>
    <property name="windir" value="C:\Windows"/>
    <property name="file.encoding" value="Cp1251"/>
    <property name="SystemDrive" value="C:"/>
    <property name="maven3.interceptor" value="D:\myDevelop\jenkins\plugins\maven-plugin\WEB-INF\lib\maven31-interceptor-1.5.jar"/>
    <property name="WORKSPACE" value="D:\myDevelop\jenkins\jobs\Second\workspace"/>
    <property name="maven3.interceptor.common" value="D:\myDevelop\jenkins\plugins\maven-plugin\WEB-INF\lib\maven3-interceptor-commons-1.5.jar"/>
    <property name="WINSW_EXECUTABLE" value="D:\myDevelop\jenkins\jenkins.exe"/>
    <property name="TVT" value="C:\Program Files (x86)\Lenovo"/>
    <property name="java.specification.version" value="1.7"/>
    <property name="PSModulePath" value="C:\Windows\system32\WindowsPowerShell\v1.0\Modules\"/>
    <property name="PowerMgrPath" value="C:\Program Files (x86)\Lenovo\PowerMgr"/>
  </properties>
  <testcase time="0.006" classname="com.mycompany.mavenproject1.CalculatorTest" name="testDiv"/>
  <testcase time="0" classname="com.mycompany.mavenproject1.CalculatorTest" name="testDivZeroc"/>
  <testcase time="0" classname="com.mycompany.mavenproject1.CalculatorTest" name="testAriphExc"/>
  <testcase time="0" classname="com.mycompany.mavenproject1.CalculatorTest" name="testMinus"/>
  <testcase time="0" classname="com.mycompany.mavenproject1.CalculatorTest" name="testMult"/>
  <testcase time="0" classname="com.mycompany.mavenproject1.CalculatorTest" name="testPlus"/>
</testsuite>